1503965183225	geckodriver	INFO	geckodriver 0.18.0
1503965183229	geckodriver	INFO	Listening on 127.0.0.1:43655
1503965183521	geckodriver::marionette	INFO	Starting browser /usr/bin/firefox with args ["-marionette"]
1503965189977	Marionette	INFO	Listening on port 43123
1503965190440	Marionette	WARN	TLS certificate errors will be ignored for this session
1503965218442	geckodriver	INFO	geckodriver 0.18.0
1503965218446	geckodriver	INFO	Listening on 127.0.0.1:49495
1503965219609	geckodriver::marionette	INFO	Starting browser /usr/bin/firefox with args ["-marionette"]
1503965221610	Marionette	INFO	Listening on port 36653
1503965221764	Marionette	WARN	TLS certificate errors will be ignored for this session
1503965257543	geckodriver	INFO	geckodriver 0.18.0
1503965257547	geckodriver	INFO	Listening on 127.0.0.1:59799
1503965258662	geckodriver::marionette	INFO	Starting browser /usr/bin/firefox with args ["-marionette"]
1503965260570	Marionette	INFO	Listening on port 40274
1503965260705	Marionette	WARN	TLS certificate errors will be ignored for this session
1503965656204	geckodriver	INFO	geckodriver 0.18.0
1503965656208	geckodriver	INFO	Listening on 127.0.0.1:33674
1503965657447	geckodriver::marionette	INFO	Starting browser /usr/bin/firefox with args ["-marionette"]
1503965657811	addons.manager	DEBUG	Application has been upgraded
1503965657834	addons.manager	DEBUG	Loaded provider scope for resource://gre/modules/addons/XPIProvider.jsm: ["XPIProvider"]
1503965657836	addons.manager	DEBUG	Loaded provider scope for resource://gre/modules/LightweightThemeManager.jsm: ["LightweightThemeManager"]
1503965657841	addons.manager	DEBUG	Loaded provider scope for resource://gre/modules/addons/GMPProvider.jsm
1503965657844	addons.manager	DEBUG	Loaded provider scope for resource://gre/modules/addons/PluginProvider.jsm
1503965657845	addons.manager	DEBUG	Starting provider: XPIProvider
1503965657845	addons.xpi	DEBUG	startup
1503965657846	addons.xpi	INFO	SystemAddonInstallLocation directory is missing
1503965657847	addons.xpi	INFO	Mapping e10srollout@mozilla.org to /usr/lib/firefox-esr/browser/features/e10srollout@mozilla.org.xpi
1503965657847	addons.xpi	INFO	Mapping firefox@getpocket.com to /usr/lib/firefox-esr/browser/features/firefox@getpocket.com.xpi
1503965657847	addons.xpi	INFO	Mapping webcompat@mozilla.org to /usr/lib/firefox-esr/browser/features/webcompat@mozilla.org.xpi
1503965657848	addons.xpi	INFO	Mapping aushelper@mozilla.org to /usr/lib/firefox-esr/browser/features/aushelper@mozilla.org.xpi
1503965657848	addons.xpi	INFO	Mapping {972ce4c6-7e08-4474-a285-3208198ce6fd} to /usr/lib/firefox-esr/browser/extensions/{972ce4c6-7e08-4474-a285-3208198ce6fd}.xpi
1503965657849	addons.xpi	DEBUG	checkForChanges
1503965657850	addons.xpi	INFO	SystemAddonInstallLocation directory is missing
1503965657850	addons.xpi	DEBUG	Loaded add-on state from prefs: {}
1503965657851	addons.xpi	DEBUG	New add-on e10srollout@mozilla.org in app-system-defaults
1503965657852	addons.xpi	DEBUG	getModTime: Recursive scan of e10srollout@mozilla.org
1503965657853	addons.xpi	DEBUG	New add-on firefox@getpocket.com in app-system-defaults
1503965657853	addons.xpi	DEBUG	getModTime: Recursive scan of firefox@getpocket.com
1503965657854	addons.xpi	DEBUG	New add-on webcompat@mozilla.org in app-system-defaults
1503965657854	addons.xpi	DEBUG	getModTime: Recursive scan of webcompat@mozilla.org
1503965657855	addons.xpi	DEBUG	New add-on aushelper@mozilla.org in app-system-defaults
1503965657855	addons.xpi	DEBUG	getModTime: Recursive scan of aushelper@mozilla.org
1503965657856	addons.xpi	DEBUG	New add-on {972ce4c6-7e08-4474-a285-3208198ce6fd} in app-global
1503965657856	addons.xpi	DEBUG	getModTime: Recursive scan of {972ce4c6-7e08-4474-a285-3208198ce6fd}
1503965657857	addons.xpi	DEBUG	getInstallState changed: true, state: {"app-system-defaults":{"e10srollout@mozilla.org":{"d":"/usr/lib/firefox-esr/browser/features/e10srollout@mozilla.org.xpi","st":1497394414000},"firefox@getpocket.com":{"d":"/usr/lib/firefox-esr/browser/features/firefox@getpocket.com.xpi","st":1497394414000},"webcompat@mozilla.org":{"d":"/usr/lib/firefox-esr/browser/features/webcompat@mozilla.org.xpi","st":1497394414000},"aushelper@mozilla.org":{"d":"/usr/lib/firefox-esr/browser/features/aushelper@mozilla.org.xpi","st":1497394414000}},"app-global":{"{972ce4c6-7e08-4474-a285-3208198ce6fd}":{"d":"/usr/lib/firefox-esr/browser/extensions/{972ce4c6-7e08-4474-a285-3208198ce6fd}.xpi","st":1497394414000}}}
1503965657866	addons.xpi-utils	DEBUG	Opening XPI database /tmp/rust_mozprofile.kiGSEFA6nSnd/extensions.json
1503965657867	addons.xpi-utils	DEBUG	New add-on e10srollout@mozilla.org installed in app-system-defaults
*** Blocklist::_loadBlocklistFromFile: blocklist is disabled
1503965657879	DeferredSave.extensions.json	DEBUG	Save changes
1503965657880	addons.xpi-utils	DEBUG	New add-on firefox@getpocket.com installed in app-system-defaults
1503965657884	DeferredSave.extensions.json	DEBUG	Starting timer
1503965657888	DeferredSave.extensions.json	DEBUG	Save changes
1503965657888	addons.xpi-utils	DEBUG	New add-on webcompat@mozilla.org installed in app-system-defaults
1503965657894	DeferredSave.extensions.json	DEBUG	Save changes
1503965657894	addons.xpi-utils	DEBUG	New add-on aushelper@mozilla.org installed in app-system-defaults
1503965657899	DeferredSave.extensions.json	DEBUG	Save changes
1503965657900	addons.xpi-utils	DEBUG	New add-on {972ce4c6-7e08-4474-a285-3208198ce6fd} installed in app-global
1503965657905	DeferredSave.extensions.json	DEBUG	Save changes
1503965657906	addons.manager	DEBUG	Registering startup change 'installed' for e10srollout@mozilla.org
1503965657915	addons.xpi	DEBUG	Loading bootstrap scope from /usr/lib/firefox-esr/browser/features/e10srollout@mozilla.org.xpi
1503965657921	addons.xpi	DEBUG	Calling bootstrap method install on e10srollout@mozilla.org version 1.10
1503965657922	addons.xpi-utils	DEBUG	Make addon app-system-defaults:e10srollout@mozilla.org visible
1503965657923	DeferredSave.extensions.json	DEBUG	Save changes
1503965657923	addons.manager	DEBUG	Registering startup change 'installed' for firefox@getpocket.com
1503965657924	addons.xpi	DEBUG	Loading bootstrap scope from /usr/lib/firefox-esr/browser/features/firefox@getpocket.com.xpi
1503965657927	addons.xpi	DEBUG	Calling bootstrap method install on firefox@getpocket.com version 1.0.5
1503965657928	addons.xpi-utils	DEBUG	Make addon app-system-defaults:firefox@getpocket.com visible
1503965657929	DeferredSave.extensions.json	DEBUG	Save changes
1503965657929	addons.manager	DEBUG	Registering startup change 'installed' for webcompat@mozilla.org
1503965657931	addons.xpi	DEBUG	Loading bootstrap scope from /usr/lib/firefox-esr/browser/features/webcompat@mozilla.org.xpi
1503965657932	addons.xpi	DEBUG	Calling bootstrap method install on webcompat@mozilla.org version 1.0
1503965657933	addons.xpi-utils	DEBUG	Make addon app-system-defaults:webcompat@mozilla.org visible
1503965657933	DeferredSave.extensions.json	DEBUG	Save changes
1503965657933	addons.manager	DEBUG	Registering startup change 'installed' for aushelper@mozilla.org
1503965657934	addons.xpi	DEBUG	Loading bootstrap scope from /usr/lib/firefox-esr/browser/features/aushelper@mozilla.org.xpi
1503965657936	addons.xpi	DEBUG	Calling bootstrap method install on aushelper@mozilla.org version 2.0
1503965657936	addons.xpi-utils	DEBUG	Make addon app-system-defaults:aushelper@mozilla.org visible
1503965657937	DeferredSave.extensions.json	DEBUG	Save changes
1503965657937	addons.xpi-utils	DEBUG	Make addon app-global:{972ce4c6-7e08-4474-a285-3208198ce6fd} visible
1503965657937	DeferredSave.extensions.json	DEBUG	Save changes
1503965657938	addons.xpi	DEBUG	Updating XPIState for {"id":"e10srollout@mozilla.org","syncGUID":"{c7f52529-24d4-4002-9953-146121891d36}","location":"app-system-defaults","version":"1.10","type":"extension","internalName":null,"updateURL":null,"updateKey":null,"optionsURL":null,"optionsType":null,"aboutURL":null,"icons":{},"iconURL":null,"icon64URL":null,"defaultLocale":{"name":"Multi-process staged rollout","description":"Staged rollout of Firefox multi-process feature.","creator":null,"homepageURL":null},"visible":true,"active":true,"userDisabled":false,"appDisabled":false,"descriptor":"/usr/lib/firefox-esr/browser/features/e10srollout@mozilla.org.xpi","installDate":1497394414000,"updateDate":1497394414000,"applyBackgroundUpdates":1,"bootstrap":true,"skinnable":false,"size":8145,"sourceURI":null,"releaseNotesURI":null,"softDisabled":false,"foreignInstall":false,"hasBinaryComponents":false,"strictCompatibility":false,"locales":[],"targetApplications":[{"id":"{ec8030f7-c20a-464f-9b0e-13a3a9e97384}","minVersion":"52.2.0","maxVersion":"52.*"}],"targetPlatforms":[],"multiprocessCompatible":true,"seen":true,"dependencies":[],"hasEmbeddedWebExtension":false,"mpcOptedOut":false}
1503965657938	addons.xpi	DEBUG	getModTime: Recursive scan of e10srollout@mozilla.org
1503965657938	addons.xpi	DEBUG	Updating XPIState for {"id":"firefox@getpocket.com","syncGUID":"{f0ab66e3-3353-440d-82f1-92e5d508bb6b}","location":"app-system-defaults","version":"1.0.5","type":"extension","internalName":null,"updateURL":null,"updateKey":null,"optionsURL":null,"optionsType":null,"aboutURL":null,"icons":{},"iconURL":null,"icon64URL":null,"defaultLocale":{"name":"Pocket","description":"When you find something you want to view later, put it in Pocket.","creator":null,"homepageURL":null},"visible":true,"active":true,"userDisabled":false,"appDisabled":false,"descriptor":"/usr/lib/firefox-esr/browser/features/firefox@getpocket.com.xpi","installDate":1497394414000,"updateDate":1497394414000,"applyBackgroundUpdates":1,"bootstrap":true,"skinnable":false,"size":920281,"sourceURI":null,"releaseNotesURI":null,"softDisabled":false,"foreignInstall":false,"hasBinaryComponents":false,"strictCompatibility":false,"locales":[],"targetApplications":[{"id":"{ec8030f7-c20a-464f-9b0e-13a3a9e97384}","minVersion":"52.2.0","maxVersion":"52.*"}],"targetPlatforms":[],"multiprocessCompatible":true,"seen":true,"dependencies":[],"hasEmbeddedWebExtension":false,"mpcOptedOut":false}
1503965657939	addons.xpi	DEBUG	getModTime: Recursive scan of firefox@getpocket.com
1503965657939	addons.xpi	DEBUG	Updating XPIState for {"id":"webcompat@mozilla.org","syncGUID":"{69528bd1-5739-48a9-968f-3d63475335e2}","location":"app-system-defaults","version":"1.0","type":"extension","internalName":null,"updateURL":null,"updateKey":null,"optionsURL":null,"optionsType":null,"aboutURL":null,"icons":{},"iconURL":null,"icon64URL":null,"defaultLocale":{"name":"Web Compat","description":"Urgent post-release fixes for web compatibility.","creator":null,"homepageURL":null},"visible":true,"active":true,"userDisabled":false,"appDisabled":false,"descriptor":"/usr/lib/firefox-esr/browser/features/webcompat@mozilla.org.xpi","installDate":1497394414000,"updateDate":1497394414000,"applyBackgroundUpdates":1,"bootstrap":true,"skinnable":false,"size":1456,"sourceURI":null,"releaseNotesURI":null,"softDisabled":false,"foreignInstall":false,"hasBinaryComponents":false,"strictCompatibility":false,"locales":[],"targetApplications":[{"id":"{ec8030f7-c20a-464f-9b0e-13a3a9e97384}","minVersion":"52.2.0","maxVersion":"52.*"}],"targetPlatforms":[],"multiprocessCompatible":true,"seen":true,"dependencies":[],"hasEmbeddedWebExtension":false,"mpcOptedOut":false}
1503965657939	addons.xpi	DEBUG	getModTime: Recursive scan of webcompat@mozilla.org
1503965657940	addons.xpi	DEBUG	Updating XPIState for {"id":"aushelper@mozilla.org","syncGUID":"{2f19f26f-ec59-430b-9829-b17203bc53d2}","location":"app-system-defaults","version":"2.0","type":"extension","internalName":null,"updateURL":null,"updateKey":null,"optionsURL":null,"optionsType":null,"aboutURL":null,"icons":{},"iconURL":null,"icon64URL":null,"defaultLocale":{"name":"Application Update Service Helper","description":"Sets value(s) in the update url based on custom checks.","creator":null,"homepageURL":null},"visible":true,"active":true,"userDisabled":false,"appDisabled":false,"descriptor":"/usr/lib/firefox-esr/browser/features/aushelper@mozilla.org.xpi","installDate":1497394414000,"updateDate":1497394414000,"applyBackgroundUpdates":1,"bootstrap":true,"skinnable":false,"size":8488,"sourceURI":null,"releaseNotesURI":null,"softDisabled":false,"foreignInstall":false,"hasBinaryComponents":false,"strictCompatibility":false,"locales":[],"targetApplications":[{"id":"{ec8030f7-c20a-464f-9b0e-13a3a9e97384}","minVersion":"52.2.0","maxVersion":"52.*"}],"targetPlatforms":[],"multiprocessCompatible":true,"seen":true,"dependencies":[],"hasEmbeddedWebExtension":false,"mpcOptedOut":false}
1503965657940	addons.xpi	DEBUG	getModTime: Recursive scan of aushelper@mozilla.org
1503965657940	addons.xpi	DEBUG	Updating XPIState for {"id":"{972ce4c6-7e08-4474-a285-3208198ce6fd}","syncGUID":"{d605b452-2813-4394-9687-96cba0082205}","location":"app-global","version":"52.2.0","type":"theme","internalName":"classic/1.0","updateURL":null,"updateKey":null,"optionsURL":null,"optionsType":null,"aboutURL":null,"icons":{"32":"icon.png","48":"icon.png"},"iconURL":null,"icon64URL":null,"defaultLocale":{"name":"Default","description":"The default theme.","creator":"Mozilla","homepageURL":null,"contributors":["Mozilla Contributors"]},"visible":true,"active":true,"userDisabled":false,"appDisabled":false,"descriptor":"/usr/lib/firefox-esr/browser/extensions/{972ce4c6-7e08-4474-a285-3208198ce6fd}.xpi","installDate":1497394414000,"updateDate":1497394414000,"applyBackgroundUpdates":1,"skinnable":true,"size":4932,"sourceURI":null,"releaseNotesURI":null,"softDisabled":false,"foreignInstall":false,"hasBinaryComponents":false,"strictCompatibility":true,"locales":[],"targetApplications":[{"id":"{ec8030f7-c20a-464f-9b0e-13a3a9e97384}","minVersion":"52.2.0","maxVersion":"52.2.0"}],"targetPlatforms":[],"seen":true,"dependencies":[],"hasEmbeddedWebExtension":false}
1503965657940	addons.xpi	DEBUG	getModTime: Recursive scan of {972ce4c6-7e08-4474-a285-3208198ce6fd}
1503965657942	DeferredSave.extensions.json	DEBUG	Save changes
1503965657942	addons.xpi	DEBUG	Updating database with changes to installed add-ons
1503965657942	addons.xpi-utils	DEBUG	Updating add-on states
1503965657942	addons.xpi-utils	DEBUG	Writing add-ons list
1503965657944	addons.xpi	DEBUG	Registering manifest for /usr/lib/firefox-esr/browser/features/aushelper@mozilla.org.xpi
1503965657944	addons.xpi	DEBUG	Calling bootstrap method startup on aushelper@mozilla.org version 2.0
1503965657945	addons.xpi	DEBUG	Registering manifest for /usr/lib/firefox-esr/browser/features/e10srollout@mozilla.org.xpi
1503965657946	addons.xpi	DEBUG	Calling bootstrap method startup on e10srollout@mozilla.org version 1.10
1503965657946	addons.xpi	DEBUG	Registering manifest for /usr/lib/firefox-esr/browser/features/firefox@getpocket.com.xpi
1503965657947	addons.xpi	DEBUG	Calling bootstrap method startup on firefox@getpocket.com version 1.0.5
1503965657949	addons.xpi	DEBUG	Registering manifest for /usr/lib/firefox-esr/browser/features/webcompat@mozilla.org.xpi
1503965657949	addons.xpi	DEBUG	Calling bootstrap method startup on webcompat@mozilla.org version 1.0
1503965657952	addons.manager	DEBUG	Registering shutdown blocker for XPIProvider
1503965657952	addons.manager	DEBUG	Provider finished startup: XPIProvider
1503965657952	addons.manager	DEBUG	Starting provider: LightweightThemeManager
1503965657952	addons.manager	DEBUG	Registering shutdown blocker for LightweightThemeManager
1503965657952	addons.manager	DEBUG	Provider finished startup: LightweightThemeManager
1503965657953	addons.manager	DEBUG	Starting provider: GMPProvider
1503965657961	addons.manager	DEBUG	Registering shutdown blocker for GMPProvider
1503965657962	addons.manager	DEBUG	Provider finished startup: GMPProvider
1503965657962	addons.manager	DEBUG	Starting provider: PluginProvider
1503965657962	addons.manager	DEBUG	Registering shutdown blocker for PluginProvider
1503965657962	addons.manager	DEBUG	Provider finished startup: PluginProvider
1503965657963	addons.manager	DEBUG	Completed startup sequence
1503965659165	Marionette	INFO	Listening on port 36654
1503965659193	addons.manager	DEBUG	Starting provider: <unnamed-provider>
1503965659193	addons.manager	DEBUG	Registering shutdown blocker for <unnamed-provider>
1503965659194	addons.manager	DEBUG	Provider finished startup: <unnamed-provider>
1503965659215	addons.manager	DEBUG	Starting provider: PreviousExperimentProvider
1503965659216	addons.manager	DEBUG	Registering shutdown blocker for PreviousExperimentProvider
1503965659216	addons.manager	DEBUG	Provider finished startup: PreviousExperimentProvider
1503965659220	DeferredSave.extensions.json	DEBUG	Starting write
1503965659293	Marionette	WARN	TLS certificate errors will be ignored for this session
1503965659400	DeferredSave.extensions.json	DEBUG	Write succeeded
1503965659400	addons.xpi-utils	DEBUG	XPI Database saved, setting schema version preference to 19
1503965720598	addons.productaddons	INFO	sending request to: https://aus5.mozilla.org/update/3/GMP/52.2.0/20170613225334/Linux_x86_64-gcc3/null/default/Linux%204.5.0-kali1-amd64%20(GTK%203.22.16%2Clibpulse%2010.0.0)/default/default/update.xml
1503965721223	addons.productaddons	INFO	Completed downloading document
1503965754663	addons.webextension.https-everywhere-eff@eff.org	WARN	Loading extension 'https-everywhere-eff@eff.org': Reading manifest: Error processing devtools_page: An unexpected property was found in the WebExtension manifest.
1503965754699	addons.webextension.https-everywhere-eff@eff.org	WARN	Please specify whether you want browser_style or not in your browser_action options.
1503965857756	geckodriver	INFO	geckodriver 0.18.0
1503965857760	geckodriver	INFO	Listening on 127.0.0.1:42290
1503965858875	geckodriver::marionette	INFO	Starting browser /usr/bin/firefox with args ["-marionette"]
1503965860828	Marionette	INFO	Listening on port 34479
1503965860964	Marionette	WARN	TLS certificate errors will be ignored for this session
[Child 22632] ###!!! ABORT: Aborting on channel error.: file /build/firefox-esr-XWSZH3/firefox-esr-52.2.0esr/ipc/glue/MessageChannel.cpp, line 2152
[Child 22632] ###!!! ABORT: Aborting on channel error.: file /build/firefox-esr-XWSZH3/firefox-esr-52.2.0esr/ipc/glue/MessageChannel.cpp, line 2152

###!!! [Child][MessageChannel] Error: (msgtype=0xE20003,name=PTexture::Msg_Destroy) Channel error: cannot send/recv


###!!! [Child][MessageChannel] Error: (msgtype=0xE20003,name=PTexture::Msg_Destroy) Channel error: cannot send/recv


###!!! [Child][MessageChannel] Error: (msgtype=0x3E0003,name=PCompositable::Msg_Destroy) Channel error: cannot send/recv


###!!! [Child][MessageChannel] Error: (msgtype=0xE20003,name=PTexture::Msg_Destroy) Channel error: cannot send/recv


###!!! [Child][MessageChannel] Error: (msgtype=0xE20003,name=PTexture::Msg_Destroy) Channel error: cannot send/recv


###!!! [Child][MessageChannel] Error: (msgtype=0x3E0003,name=PCompositable::Msg_Destroy) Channel error: cannot send/recv


###!!! [Child][MessageChannel] Error: (msgtype=0xE20003,name=PTexture::Msg_Destroy) Channel error: cannot send/recv


###!!! [Child][MessageChannel] Error: (msgtype=0xE20003,name=PTexture::Msg_Destroy) Channel error: cannot send/recv


###!!! [Child][MessageChannel] Error: (msgtype=0x3E0003,name=PCompositable::Msg_Destroy) Channel error: cannot send/recv


###!!! [Child][MessageChannel] Error: (msgtype=0x3E0003,name=PCompositable::Msg_Destroy) Channel error: cannot send/recv


###!!! [Child][MessageChannel] Error: (msgtype=0x3E0003,name=PCompositable::Msg_Destroy) Channel error: cannot send/recv


###!!! [Child][MessageChannel] Error: (msgtype=0xE20003,name=PTexture::Msg_Destroy) Channel error: cannot send/recv


###!!! [Child][MessageChannel] Error: (msgtype=0xE20003,name=PTexture::Msg_Destroy) Channel error: cannot send/recv


###!!! [Child][MessageChannel] Error: (msgtype=0x3E0003,name=PCompositable::Msg_Destroy) Channel error: cannot send/recv

1503965882622	addons.webextension.https-everywhere-eff@eff.org	WARN	Loading extension 'https-everywhere-eff@eff.org': Reading manifest: Error processing devtools_page: An unexpected property was found in the WebExtension manifest.
1503965882662	addons.webextension.https-everywhere-eff@eff.org	WARN	Please specify whether you want browser_style or not in your browser_action options.
windows.onRemoved event fired after context unloaded.

###!!! [Child][MessageChannel] Error: (msgtype=0x460102,name=PContent::Msg_AsyncMessage) Channel closing: too late to send/recv, messages will be lost


###!!! [Child][MessageChannel] Error: (msgtype=0x460102,name=PContent::Msg_AsyncMessage) Channel closing: too late to send/recv, messages will be lost


###!!! [Child][MessageChannel] Error: (msgtype=0x460102,name=PContent::Msg_AsyncMessage) Channel closing: too late to send/recv, messages will be lost


###!!! [Child][MessageChannel] Error: (msgtype=0x460102,name=PContent::Msg_AsyncMessage) Channel closing: too late to send/recv, messages will be lost


###!!! [Child][MessageChannel] Error: (msgtype=0x460102,name=PContent::Msg_AsyncMessage) Channel closing: too late to send/recv, messages will be lost


###!!! [Child][MessageChannel] Error: (msgtype=0x460102,name=PContent::Msg_AsyncMessage) Channel closing: too late to send/recv, messages will be lost


###!!! [Child][MessageChannel] Error: (msgtype=0x460102,name=PContent::Msg_AsyncMessage) Channel closing: too late to send/recv, messages will be lost


###!!! [Child][MessageChannel] Error: (msgtype=0x460102,name=PContent::Msg_AsyncMessage) Channel closing: too late to send/recv, messages will be lost


###!!! [Child][MessageChannel] Error: (msgtype=0x460102,name=PContent::Msg_AsyncMessage) Channel closing: too late to send/recv, messages will be lost


###!!! [Child][MessageChannel] Error: (msgtype=0x460102,name=PContent::Msg_AsyncMessage) Channel closing: too late to send/recv, messages will be lost


###!!! [Child][MessageChannel] Error: (msgtype=0x460102,name=PContent::Msg_AsyncMessage) Channel closing: too late to send/recv, messages will be lost


###!!! [Child][MessageChannel] Error: (msgtype=0x460102,name=PContent::Msg_AsyncMessage) Channel closing: too late to send/recv, messages will be lost


###!!! [Child][MessageChannel] Error: (msgtype=0x2C0048,name=PBrowser::Msg___delete__) Channel closing: too late to send/recv, messages will be lost


###!!! [Child][RunMessage] Error: Channel closing: too late to send/recv, messages will be lost


###!!! [Child][RunMessage] Error: Channel closing: too late to send/recv, messages will be lost


###!!! [Child][RunMessage] Error: Channel closing: too late to send/recv, messages will be lost

1503965926209	addons.xpi	DEBUG	Calling bootstrap method shutdown on webcompat@mozilla.org version 1.0
1503965926210	addons.xpi	DEBUG	Calling bootstrap method shutdown on firefox@getpocket.com version 1.0.5
1503965926211	addons.xpi	DEBUG	Calling bootstrap method shutdown on e10srollout@mozilla.org version 1.10
1503965926211	addons.xpi	DEBUG	Calling bootstrap method shutdown on aushelper@mozilla.org version 2.0
1503965926326	addons.manager	DEBUG	shutdown
1503965926327	addons.manager	DEBUG	Calling shutdown blocker for XPIProvider
1503965926327	addons.xpi	DEBUG	shutdown
1503965926327	addons.xpi-utils	DEBUG	shutdown
1503965926328	addons.manager	DEBUG	Calling shutdown blocker for LightweightThemeManager
1503965926329	addons.manager	DEBUG	Calling shutdown blocker for GMPProvider
1503965926332	addons.manager	DEBUG	Calling shutdown blocker for PluginProvider
1503965926333	addons.manager	DEBUG	Calling shutdown blocker for <unnamed-provider>
1503965926335	addons.manager	DEBUG	Calling shutdown blocker for PreviousExperimentProvider
1503965926339	addons.xpi	DEBUG	Notifying XPI shutdown observers
1503965926344	addons.manager	DEBUG	Async provider shutdown done
1503966025378	addons.webextension.https-everywhere-eff@eff.org	WARN	Loading extension 'https-everywhere-eff@eff.org': Reading manifest: Error processing devtools_page: An unexpected property was found in the WebExtension manifest.
1503966025414	addons.webextension.https-everywhere-eff@eff.org	WARN	Please specify whether you want browser_style or not in your browser_action options.
[Child 427] ###!!! ABORT: Aborting on channel error.: file /build/firefox-esr-XWSZH3/firefox-esr-52.2.0esr/ipc/glue/MessageChannel.cpp, line 2152
[Child 427] ###!!! ABORT: Aborting on channel error.: file /build/firefox-esr-XWSZH3/firefox-esr-52.2.0esr/ipc/glue/MessageChannel.cpp, line 2152

###!!! [Child][MessageChannel] Error: (msgtype=0xE20003,name=PTexture::Msg_Destroy) Channel error: cannot send/recv


###!!! [Child][MessageChannel] Error: (msgtype=0xE20003,name=PTexture::Msg_Destroy) Channel error: cannot send/recv


###!!! [Child][MessageChannel] Error: (msgtype=0x3E0003,name=PCompositable::Msg_Destroy) Channel error: cannot send/recv


###!!! [Child][MessageChannel] Error: (msgtype=0xE20003,name=PTexture::Msg_Destroy) Channel error: cannot send/recv


###!!! [Child][MessageChannel] Error: (msgtype=0xE20003,name=PTexture::Msg_Destroy) Channel error: cannot send/recv


###!!! [Child][MessageChannel] Error: (msgtype=0x3E0003,name=PCompositable::Msg_Destroy) Channel error: cannot send/recv


###!!! [Child][MessageChannel] Error: (msgtype=0xE20003,name=PTexture::Msg_Destroy) Channel error: cannot send/recv


###!!! [Child][MessageChannel] Error: (msgtype=0xE20003,name=PTexture::Msg_Destroy) Channel error: cannot send/recv


###!!! [Child][MessageChannel] Error: (msgtype=0x3E0003,name=PCompositable::Msg_Destroy) Channel error: cannot send/recv

