1503965400898	geckodriver	INFO	geckodriver 0.18.0
1503965400902	geckodriver	INFO	Listening on 127.0.0.1:54995
1503965402025	geckodriver::marionette	INFO	Starting browser /usr/bin/firefox with args ["-marionette"]
1503965404007	Marionette	INFO	Listening on port 45668
1503965404140	Marionette	WARN	TLS certificate errors will be ignored for this session
1504086212930	geckodriver	INFO	geckodriver 0.18.0
1504086212934	geckodriver	INFO	Listening on 127.0.0.1:54916
1504086214048	geckodriver::marionette	INFO	Starting browser /usr/bin/firefox with args ["-marionette"]
1504086215966	Marionette	INFO	Listening on port 46701
1504086216103	Marionette	WARN	TLS certificate errors will be ignored for this session
1504086243082	geckodriver	INFO	geckodriver 0.18.0
1504086243085	geckodriver	INFO	Listening on 127.0.0.1:48265
1504086244199	geckodriver::marionette	INFO	Starting browser /usr/bin/firefox with args ["-marionette"]
1504086246158	Marionette	INFO	Listening on port 38326
1504086246292	Marionette	WARN	TLS certificate errors will be ignored for this session
1504086252409	geckodriver	INFO	geckodriver 0.18.0
1504086252413	geckodriver	INFO	Listening on 127.0.0.1:45747
1504086253528	geckodriver::marionette	INFO	Starting browser /usr/bin/firefox with args ["-marionette"]
1504086255437	Marionette	INFO	Listening on port 33962
1504086255579	Marionette	WARN	TLS certificate errors will be ignored for this session
1504086314393	geckodriver	INFO	geckodriver 0.18.0
1504086314397	geckodriver	INFO	Listening on 127.0.0.1:36488
1504086315516	geckodriver::marionette	INFO	Starting browser /usr/bin/firefox with args ["-marionette"]
1504086315873	addons.manager	DEBUG	Application has been upgraded
1504086315897	addons.manager	DEBUG	Loaded provider scope for resource://gre/modules/addons/XPIProvider.jsm: ["XPIProvider"]
1504086315900	addons.manager	DEBUG	Loaded provider scope for resource://gre/modules/LightweightThemeManager.jsm: ["LightweightThemeManager"]
1504086315904	addons.manager	DEBUG	Loaded provider scope for resource://gre/modules/addons/GMPProvider.jsm
1504086315907	addons.manager	DEBUG	Loaded provider scope for resource://gre/modules/addons/PluginProvider.jsm
1504086315908	addons.manager	DEBUG	Starting provider: XPIProvider
1504086315908	addons.xpi	DEBUG	startup
1504086315909	addons.xpi	INFO	SystemAddonInstallLocation directory is missing
1504086315910	addons.xpi	INFO	Mapping e10srollout@mozilla.org to /usr/lib/firefox-esr/browser/features/e10srollout@mozilla.org.xpi
1504086315910	addons.xpi	INFO	Mapping firefox@getpocket.com to /usr/lib/firefox-esr/browser/features/firefox@getpocket.com.xpi
1504086315910	addons.xpi	INFO	Mapping webcompat@mozilla.org to /usr/lib/firefox-esr/browser/features/webcompat@mozilla.org.xpi
1504086315911	addons.xpi	INFO	Mapping aushelper@mozilla.org to /usr/lib/firefox-esr/browser/features/aushelper@mozilla.org.xpi
1504086315911	addons.xpi	INFO	Mapping {972ce4c6-7e08-4474-a285-3208198ce6fd} to /usr/lib/firefox-esr/browser/extensions/{972ce4c6-7e08-4474-a285-3208198ce6fd}.xpi
1504086315912	addons.xpi	DEBUG	checkForChanges
1504086315912	addons.xpi	INFO	SystemAddonInstallLocation directory is missing
1504086315913	addons.xpi	DEBUG	Loaded add-on state from prefs: {}
1504086315914	addons.xpi	DEBUG	New add-on e10srollout@mozilla.org in app-system-defaults
1504086315915	addons.xpi	DEBUG	getModTime: Recursive scan of e10srollout@mozilla.org
1504086315916	addons.xpi	DEBUG	New add-on firefox@getpocket.com in app-system-defaults
1504086315916	addons.xpi	DEBUG	getModTime: Recursive scan of firefox@getpocket.com
1504086315917	addons.xpi	DEBUG	New add-on webcompat@mozilla.org in app-system-defaults
1504086315917	addons.xpi	DEBUG	getModTime: Recursive scan of webcompat@mozilla.org
1504086315918	addons.xpi	DEBUG	New add-on aushelper@mozilla.org in app-system-defaults
1504086315918	addons.xpi	DEBUG	getModTime: Recursive scan of aushelper@mozilla.org
1504086315919	addons.xpi	DEBUG	New add-on {972ce4c6-7e08-4474-a285-3208198ce6fd} in app-global
1504086315919	addons.xpi	DEBUG	getModTime: Recursive scan of {972ce4c6-7e08-4474-a285-3208198ce6fd}
1504086315920	addons.xpi	DEBUG	getInstallState changed: true, state: {"app-system-defaults":{"e10srollout@mozilla.org":{"d":"/usr/lib/firefox-esr/browser/features/e10srollout@mozilla.org.xpi","st":1497394414000},"firefox@getpocket.com":{"d":"/usr/lib/firefox-esr/browser/features/firefox@getpocket.com.xpi","st":1497394414000},"webcompat@mozilla.org":{"d":"/usr/lib/firefox-esr/browser/features/webcompat@mozilla.org.xpi","st":1497394414000},"aushelper@mozilla.org":{"d":"/usr/lib/firefox-esr/browser/features/aushelper@mozilla.org.xpi","st":1497394414000}},"app-global":{"{972ce4c6-7e08-4474-a285-3208198ce6fd}":{"d":"/usr/lib/firefox-esr/browser/extensions/{972ce4c6-7e08-4474-a285-3208198ce6fd}.xpi","st":1497394414000}}}
1504086315929	addons.xpi-utils	DEBUG	Opening XPI database /tmp/rust_mozprofile.rIxiWWgSJcVX/extensions.json
1504086315930	addons.xpi-utils	DEBUG	New add-on e10srollout@mozilla.org installed in app-system-defaults
*** Blocklist::_loadBlocklistFromFile: blocklist is disabled
1504086315942	DeferredSave.extensions.json	DEBUG	Save changes
1504086315942	addons.xpi-utils	DEBUG	New add-on firefox@getpocket.com installed in app-system-defaults
1504086315946	DeferredSave.extensions.json	DEBUG	Starting timer
1504086315950	DeferredSave.extensions.json	DEBUG	Save changes
1504086315950	addons.xpi-utils	DEBUG	New add-on webcompat@mozilla.org installed in app-system-defaults
1504086315956	DeferredSave.extensions.json	DEBUG	Save changes
1504086315956	addons.xpi-utils	DEBUG	New add-on aushelper@mozilla.org installed in app-system-defaults
1504086315962	DeferredSave.extensions.json	DEBUG	Save changes
1504086315963	addons.xpi-utils	DEBUG	New add-on {972ce4c6-7e08-4474-a285-3208198ce6fd} installed in app-global
1504086315967	DeferredSave.extensions.json	DEBUG	Save changes
1504086315968	addons.manager	DEBUG	Registering startup change 'installed' for e10srollout@mozilla.org
1504086315977	addons.xpi	DEBUG	Loading bootstrap scope from /usr/lib/firefox-esr/browser/features/e10srollout@mozilla.org.xpi
1504086315982	addons.xpi	DEBUG	Calling bootstrap method install on e10srollout@mozilla.org version 1.10
1504086315984	addons.xpi-utils	DEBUG	Make addon app-system-defaults:e10srollout@mozilla.org visible
1504086315984	DeferredSave.extensions.json	DEBUG	Save changes
1504086315984	addons.manager	DEBUG	Registering startup change 'installed' for firefox@getpocket.com
1504086315985	addons.xpi	DEBUG	Loading bootstrap scope from /usr/lib/firefox-esr/browser/features/firefox@getpocket.com.xpi
1504086315989	addons.xpi	DEBUG	Calling bootstrap method install on firefox@getpocket.com version 1.0.5
1504086315989	addons.xpi-utils	DEBUG	Make addon app-system-defaults:firefox@getpocket.com visible
1504086315990	DeferredSave.extensions.json	DEBUG	Save changes
1504086315991	addons.manager	DEBUG	Registering startup change 'installed' for webcompat@mozilla.org
1504086315992	addons.xpi	DEBUG	Loading bootstrap scope from /usr/lib/firefox-esr/browser/features/webcompat@mozilla.org.xpi
1504086315994	addons.xpi	DEBUG	Calling bootstrap method install on webcompat@mozilla.org version 1.0
1504086315994	addons.xpi-utils	DEBUG	Make addon app-system-defaults:webcompat@mozilla.org visible
1504086315994	DeferredSave.extensions.json	DEBUG	Save changes
1504086315995	addons.manager	DEBUG	Registering startup change 'installed' for aushelper@mozilla.org
1504086315995	addons.xpi	DEBUG	Loading bootstrap scope from /usr/lib/firefox-esr/browser/features/aushelper@mozilla.org.xpi
1504086315998	addons.xpi	DEBUG	Calling bootstrap method install on aushelper@mozilla.org version 2.0
1504086315998	addons.xpi-utils	DEBUG	Make addon app-system-defaults:aushelper@mozilla.org visible
1504086315998	DeferredSave.extensions.json	DEBUG	Save changes
1504086315998	addons.xpi-utils	DEBUG	Make addon app-global:{972ce4c6-7e08-4474-a285-3208198ce6fd} visible
1504086315999	DeferredSave.extensions.json	DEBUG	Save changes
1504086315999	addons.xpi	DEBUG	Updating XPIState for {"id":"e10srollout@mozilla.org","syncGUID":"{c8be4402-1535-4ac2-94d8-50917fc91e71}","location":"app-system-defaults","version":"1.10","type":"extension","internalName":null,"updateURL":null,"updateKey":null,"optionsURL":null,"optionsType":null,"aboutURL":null,"icons":{},"iconURL":null,"icon64URL":null,"defaultLocale":{"name":"Multi-process staged rollout","description":"Staged rollout of Firefox multi-process feature.","creator":null,"homepageURL":null},"visible":true,"active":true,"userDisabled":false,"appDisabled":false,"descriptor":"/usr/lib/firefox-esr/browser/features/e10srollout@mozilla.org.xpi","installDate":1497394414000,"updateDate":1497394414000,"applyBackgroundUpdates":1,"bootstrap":true,"skinnable":false,"size":8145,"sourceURI":null,"releaseNotesURI":null,"softDisabled":false,"foreignInstall":false,"hasBinaryComponents":false,"strictCompatibility":false,"locales":[],"targetApplications":[{"id":"{ec8030f7-c20a-464f-9b0e-13a3a9e97384}","minVersion":"52.2.0","maxVersion":"52.*"}],"targetPlatforms":[],"multiprocessCompatible":true,"seen":true,"dependencies":[],"hasEmbeddedWebExtension":false,"mpcOptedOut":false}
1504086315999	addons.xpi	DEBUG	getModTime: Recursive scan of e10srollout@mozilla.org
1504086316000	addons.xpi	DEBUG	Updating XPIState for {"id":"firefox@getpocket.com","syncGUID":"{fd298f07-327c-4e9a-afe2-ef481f9ff023}","location":"app-system-defaults","version":"1.0.5","type":"extension","internalName":null,"updateURL":null,"updateKey":null,"optionsURL":null,"optionsType":null,"aboutURL":null,"icons":{},"iconURL":null,"icon64URL":null,"defaultLocale":{"name":"Pocket","description":"When you find something you want to view later, put it in Pocket.","creator":null,"homepageURL":null},"visible":true,"active":true,"userDisabled":false,"appDisabled":false,"descriptor":"/usr/lib/firefox-esr/browser/features/firefox@getpocket.com.xpi","installDate":1497394414000,"updateDate":1497394414000,"applyBackgroundUpdates":1,"bootstrap":true,"skinnable":false,"size":920281,"sourceURI":null,"releaseNotesURI":null,"softDisabled":false,"foreignInstall":false,"hasBinaryComponents":false,"strictCompatibility":false,"locales":[],"targetApplications":[{"id":"{ec8030f7-c20a-464f-9b0e-13a3a9e97384}","minVersion":"52.2.0","maxVersion":"52.*"}],"targetPlatforms":[],"multiprocessCompatible":true,"seen":true,"dependencies":[],"hasEmbeddedWebExtension":false,"mpcOptedOut":false}
1504086316000	addons.xpi	DEBUG	getModTime: Recursive scan of firefox@getpocket.com
1504086316000	addons.xpi	DEBUG	Updating XPIState for {"id":"webcompat@mozilla.org","syncGUID":"{318278c5-6273-4fe5-8bae-7408bde59ee7}","location":"app-system-defaults","version":"1.0","type":"extension","internalName":null,"updateURL":null,"updateKey":null,"optionsURL":null,"optionsType":null,"aboutURL":null,"icons":{},"iconURL":null,"icon64URL":null,"defaultLocale":{"name":"Web Compat","description":"Urgent post-release fixes for web compatibility.","creator":null,"homepageURL":null},"visible":true,"active":true,"userDisabled":false,"appDisabled":false,"descriptor":"/usr/lib/firefox-esr/browser/features/webcompat@mozilla.org.xpi","installDate":1497394414000,"updateDate":1497394414000,"applyBackgroundUpdates":1,"bootstrap":true,"skinnable":false,"size":1456,"sourceURI":null,"releaseNotesURI":null,"softDisabled":false,"foreignInstall":false,"hasBinaryComponents":false,"strictCompatibility":false,"locales":[],"targetApplications":[{"id":"{ec8030f7-c20a-464f-9b0e-13a3a9e97384}","minVersion":"52.2.0","maxVersion":"52.*"}],"targetPlatforms":[],"multiprocessCompatible":true,"seen":true,"dependencies":[],"hasEmbeddedWebExtension":false,"mpcOptedOut":false}
1504086316001	addons.xpi	DEBUG	getModTime: Recursive scan of webcompat@mozilla.org
1504086316001	addons.xpi	DEBUG	Updating XPIState for {"id":"aushelper@mozilla.org","syncGUID":"{3360578e-f3bc-4c13-904c-d1275a2392ee}","location":"app-system-defaults","version":"2.0","type":"extension","internalName":null,"updateURL":null,"updateKey":null,"optionsURL":null,"optionsType":null,"aboutURL":null,"icons":{},"iconURL":null,"icon64URL":null,"defaultLocale":{"name":"Application Update Service Helper","description":"Sets value(s) in the update url based on custom checks.","creator":null,"homepageURL":null},"visible":true,"active":true,"userDisabled":false,"appDisabled":false,"descriptor":"/usr/lib/firefox-esr/browser/features/aushelper@mozilla.org.xpi","installDate":1497394414000,"updateDate":1497394414000,"applyBackgroundUpdates":1,"bootstrap":true,"skinnable":false,"size":8488,"sourceURI":null,"releaseNotesURI":null,"softDisabled":false,"foreignInstall":false,"hasBinaryComponents":false,"strictCompatibility":false,"locales":[],"targetApplications":[{"id":"{ec8030f7-c20a-464f-9b0e-13a3a9e97384}","minVersion":"52.2.0","maxVersion":"52.*"}],"targetPlatforms":[],"multiprocessCompatible":true,"seen":true,"dependencies":[],"hasEmbeddedWebExtension":false,"mpcOptedOut":false}
1504086316001	addons.xpi	DEBUG	getModTime: Recursive scan of aushelper@mozilla.org
1504086316002	addons.xpi	DEBUG	Updating XPIState for {"id":"{972ce4c6-7e08-4474-a285-3208198ce6fd}","syncGUID":"{25acdecd-834a-42bd-bfb1-913c3b67a00e}","location":"app-global","version":"52.2.0","type":"theme","internalName":"classic/1.0","updateURL":null,"updateKey":null,"optionsURL":null,"optionsType":null,"aboutURL":null,"icons":{"32":"icon.png","48":"icon.png"},"iconURL":null,"icon64URL":null,"defaultLocale":{"name":"Default","description":"The default theme.","creator":"Mozilla","homepageURL":null,"contributors":["Mozilla Contributors"]},"visible":true,"active":true,"userDisabled":false,"appDisabled":false,"descriptor":"/usr/lib/firefox-esr/browser/extensions/{972ce4c6-7e08-4474-a285-3208198ce6fd}.xpi","installDate":1497394414000,"updateDate":1497394414000,"applyBackgroundUpdates":1,"skinnable":true,"size":4932,"sourceURI":null,"releaseNotesURI":null,"softDisabled":false,"foreignInstall":false,"hasBinaryComponents":false,"strictCompatibility":true,"locales":[],"targetApplications":[{"id":"{ec8030f7-c20a-464f-9b0e-13a3a9e97384}","minVersion":"52.2.0","maxVersion":"52.2.0"}],"targetPlatforms":[],"seen":true,"dependencies":[],"hasEmbeddedWebExtension":false}
1504086316002	addons.xpi	DEBUG	getModTime: Recursive scan of {972ce4c6-7e08-4474-a285-3208198ce6fd}
1504086316003	DeferredSave.extensions.json	DEBUG	Save changes
1504086316003	addons.xpi	DEBUG	Updating database with changes to installed add-ons
1504086316003	addons.xpi-utils	DEBUG	Updating add-on states
1504086316004	addons.xpi-utils	DEBUG	Writing add-ons list
1504086316005	addons.xpi	DEBUG	Registering manifest for /usr/lib/firefox-esr/browser/features/aushelper@mozilla.org.xpi
1504086316006	addons.xpi	DEBUG	Calling bootstrap method startup on aushelper@mozilla.org version 2.0
1504086316007	addons.xpi	DEBUG	Registering manifest for /usr/lib/firefox-esr/browser/features/e10srollout@mozilla.org.xpi
1504086316007	addons.xpi	DEBUG	Calling bootstrap method startup on e10srollout@mozilla.org version 1.10
1504086316008	addons.xpi	DEBUG	Registering manifest for /usr/lib/firefox-esr/browser/features/firefox@getpocket.com.xpi
1504086316009	addons.xpi	DEBUG	Calling bootstrap method startup on firefox@getpocket.com version 1.0.5
1504086316010	addons.xpi	DEBUG	Registering manifest for /usr/lib/firefox-esr/browser/features/webcompat@mozilla.org.xpi
1504086316010	addons.xpi	DEBUG	Calling bootstrap method startup on webcompat@mozilla.org version 1.0
1504086316013	addons.manager	DEBUG	Registering shutdown blocker for XPIProvider
1504086316013	addons.manager	DEBUG	Provider finished startup: XPIProvider
1504086316013	addons.manager	DEBUG	Starting provider: LightweightThemeManager
1504086316014	addons.manager	DEBUG	Registering shutdown blocker for LightweightThemeManager
1504086316014	addons.manager	DEBUG	Provider finished startup: LightweightThemeManager
1504086316014	addons.manager	DEBUG	Starting provider: GMPProvider
1504086316023	addons.manager	DEBUG	Registering shutdown blocker for GMPProvider
1504086316023	addons.manager	DEBUG	Provider finished startup: GMPProvider
1504086316023	addons.manager	DEBUG	Starting provider: PluginProvider
1504086316023	addons.manager	DEBUG	Registering shutdown blocker for PluginProvider
1504086316024	addons.manager	DEBUG	Provider finished startup: PluginProvider
1504086316024	addons.manager	DEBUG	Completed startup sequence
1504086317215	Marionette	INFO	Listening on port 34897
1504086317243	addons.manager	DEBUG	Starting provider: <unnamed-provider>
1504086317243	addons.manager	DEBUG	Registering shutdown blocker for <unnamed-provider>
1504086317244	addons.manager	DEBUG	Provider finished startup: <unnamed-provider>
1504086317265	addons.manager	DEBUG	Starting provider: PreviousExperimentProvider
1504086317265	addons.manager	DEBUG	Registering shutdown blocker for PreviousExperimentProvider
1504086317266	addons.manager	DEBUG	Provider finished startup: PreviousExperimentProvider
1504086317270	DeferredSave.extensions.json	DEBUG	Starting write
1504086317338	Marionette	WARN	TLS certificate errors will be ignored for this session
1504086317409	DeferredSave.extensions.json	DEBUG	Write succeeded
1504086317409	addons.xpi-utils	DEBUG	XPI Database saved, setting schema version preference to 19
1504086372146	addons.xpi	DEBUG	Calling bootstrap method shutdown on webcompat@mozilla.org version 1.0
1504086372147	addons.xpi	DEBUG	Calling bootstrap method shutdown on firefox@getpocket.com version 1.0.5
1504086372148	addons.xpi	DEBUG	Calling bootstrap method shutdown on e10srollout@mozilla.org version 1.10
1504086372149	addons.xpi	DEBUG	Calling bootstrap method shutdown on aushelper@mozilla.org version 2.0
1504086372270	addons.manager	DEBUG	shutdown
1504086372271	addons.manager	DEBUG	Calling shutdown blocker for XPIProvider
1504086372271	addons.xpi	DEBUG	shutdown
1504086372271	addons.xpi-utils	DEBUG	shutdown
1504086372272	addons.manager	DEBUG	Calling shutdown blocker for LightweightThemeManager
1504086372273	addons.manager	DEBUG	Calling shutdown blocker for GMPProvider
1504086372276	addons.manager	DEBUG	Calling shutdown blocker for PluginProvider
1504086372277	addons.manager	DEBUG	Calling shutdown blocker for <unnamed-provider>
1504086372280	addons.manager	DEBUG	Calling shutdown blocker for PreviousExperimentProvider
1504086372284	addons.xpi	DEBUG	Notifying XPI shutdown observers
1504086372290	addons.manager	DEBUG	Async provider shutdown done
